{"contracts/Circle.sol":{"l":{"39":13,"40":9,"41":7,"42":5,"43":3,"44":3,"45":3,"56":1,"57":1,"58":1,"59":1,"61":1},"path":"/Users/msavchuk/vareger/platin/solidityGEO/contracts/Circle.sol","s":{"1":13,"2":9,"3":7,"4":5,"5":3,"6":3,"7":3,"8":1,"9":1,"10":1,"11":1,"12":1},"b":{"1":[9,4],"2":[7,2],"3":[5,2],"4":[3,2]},"f":{"1":13,"2":1},"fnMap":{"1":{"name":null,"line":38,"loc":{"start":{"line":38,"column":4},"end":{"line":38,"column":35}}},"2":{"name":"getData","line":55,"loc":{"start":{"line":55,"column":4},"end":{"line":55,"column":48}}}},"statementMap":{"1":{"start":{"line":39,"column":8},"end":{"line":39,"column":32}},"2":{"start":{"line":40,"column":8},"end":{"line":40,"column":66}},"3":{"start":{"line":41,"column":8},"end":{"line":41,"column":68}},"4":{"start":{"line":42,"column":8},"end":{"line":42,"column":62}},"5":{"start":{"line":43,"column":8},"end":{"line":43,"column":25}},"6":{"start":{"line":44,"column":8},"end":{"line":44,"column":26}},"7":{"start":{"line":45,"column":8},"end":{"line":45,"column":23}},"8":{"start":{"line":56,"column":8},"end":{"line":56,"column":43}},"9":{"start":{"line":57,"column":8},"end":{"line":57,"column":25}},"10":{"start":{"line":58,"column":8},"end":{"line":58,"column":26}},"11":{"start":{"line":59,"column":8},"end":{"line":59,"column":23}},"12":{"start":{"line":61,"column":8},"end":{"line":61,"column":19}}},"branchMap":{"1":{"line":39,"type":"if","locations":[{"start":{"line":39,"column":8},"end":{"line":39,"column":8}},{"start":{"line":39,"column":8},"end":{"line":39,"column":8}}]},"2":{"line":40,"type":"if","locations":[{"start":{"line":40,"column":8},"end":{"line":40,"column":8}},{"start":{"line":40,"column":8},"end":{"line":40,"column":8}}]},"3":{"line":41,"type":"if","locations":[{"start":{"line":41,"column":8},"end":{"line":41,"column":8}},{"start":{"line":41,"column":8},"end":{"line":41,"column":8}}]},"4":{"line":42,"type":"if","locations":[{"start":{"line":42,"column":8},"end":{"line":42,"column":8}},{"start":{"line":42,"column":8},"end":{"line":42,"column":8}}]}}},"contracts/HeavyPolygon.sol":{"l":{"52":46,"53":44,"54":42,"56":40,"58":40,"59":38,"61":38,"62":38,"63":76,"64":74,"65":74,"66":74,"69":36,"71":34,"73":28,"74":28,"75":28,"76":56,"77":56,"78":56,"79":56,"80":56,"81":440,"82":440,"85":56,"86":56,"91":50,"92":38,"96":1,"100":5,"101":3,"103":1,"105":1,"113":7,"114":5,"117":1,"119":1,"120":1,"121":1,"122":1,"123":16,"126":1,"127":24,"128":24,"130":1,"131":1,"134":1,"143":5,"144":3,"146":1,"148":1,"150":1,"151":1,"152":1,"155":1,"160":5,"161":3,"163":1,"164":1,"165":1,"167":1,"171":9,"173":7,"174":5,"176":3,"177":3,"178":3,"180":3,"181":6,"184":3,"188":3,"190":1,"191":1,"193":1,"195":1,"196":1,"201":12,"205":2,"209":2,"213":12,"215":11,"219":6,"223":5,"232":2,"233":2,"242":1,"244":1,"245":1},"path":"/Users/msavchuk/vareger/platin/solidityGEO/contracts/HeavyPolygon.sol","s":{"1":46,"2":44,"3":42,"4":40,"5":40,"6":38,"7":38,"8":38,"9":76,"10":74,"11":74,"12":36,"13":34,"14":28,"15":28,"16":28,"17":56,"18":56,"19":56,"20":56,"21":56,"22":440,"23":56,"24":56,"25":50,"26":1,"27":5,"28":3,"29":1,"30":7,"31":5,"32":1,"33":1,"34":1,"35":1,"36":1,"37":16,"38":1,"39":24,"40":1,"41":1,"42":5,"43":3,"44":1,"45":1,"46":1,"47":1,"48":1,"49":1,"50":5,"51":3,"52":1,"53":1,"54":1,"55":9,"56":7,"57":5,"58":3,"59":3,"60":3,"61":6,"62":3,"63":3,"64":1,"65":1,"66":1,"67":1,"68":12,"69":2,"70":2,"71":12,"72":11,"73":6,"74":5,"75":2,"76":2,"77":1,"78":1,"79":1},"b":{"1":[44,2],"2":[42,2],"3":[40,2],"4":[38,2],"5":[74,2],"6":[34,2],"7":[28,6],"8":[38,12],"9":[3,2],"10":[1,2],"11":[5,2],"12":[1,4],"13":[3,2],"14":[1,2],"15":[3,2],"16":[1,2],"17":[7,2],"18":[5,2],"19":[3,2],"20":[1,2],"21":[11,1],"22":[1,0]},"f":{"1":46,"2":50,"3":1,"4":5,"5":7,"6":5,"7":5,"8":9,"9":3,"10":12,"11":2,"12":2,"13":12,"14":6,"15":5,"16":2,"17":1},"fnMap":{"1":{"name":null,"line":51,"loc":{"start":{"line":51,"column":4},"end":{"line":51,"column":34}}},"2":{"name":"onlyIfMutable","line":90,"loc":{"start":{"line":90,"column":4},"end":{"line":90,"column":26}}},"3":{"name":"makeImmutable","line":95,"loc":{"start":{"line":95,"column":4},"end":{"line":95,"column":51}}},"4":{"name":"addPoints","line":99,"loc":{"start":{"line":99,"column":4},"end":{"line":99,"column":92}}},"5":{"name":"addPoints","line":108,"loc":{"start":{"line":108,"column":4},"end":{"line":112,"column":5}}},"6":{"name":"removePoints","line":137,"loc":{"start":{"line":137,"column":4},"end":{"line":141,"column":5}}},"7":{"name":"addRing","line":158,"loc":{"start":{"line":158,"column":4},"end":{"line":158,"column":73}}},"8":{"name":"addRing","line":170,"loc":{"start":{"line":170,"column":4},"end":{"line":170,"column":86}}},"9":{"name":"removeRing","line":187,"loc":{"start":{"line":187,"column":4},"end":{"line":187,"column":70}}},"10":{"name":"getPointsByRing","line":200,"loc":{"start":{"line":200,"column":4},"end":{"line":200,"column":80}}},"11":{"name":"getPoints","line":204,"loc":{"start":{"line":204,"column":4},"end":{"line":204,"column":59}}},"12":{"name":"isImmutable","line":208,"loc":{"start":{"line":208,"column":4},"end":{"line":208,"column":51}}},"13":{"name":"getPointsAmountByRing","line":212,"loc":{"start":{"line":212,"column":4},"end":{"line":212,"column":77}}},"14":{"name":"getPointsAmount","line":218,"loc":{"start":{"line":218,"column":4},"end":{"line":218,"column":56}}},"15":{"name":"getRingsAmount","line":222,"loc":{"start":{"line":222,"column":4},"end":{"line":222,"column":55}}},"16":{"name":"increaseRingSizeOn","line":231,"loc":{"start":{"line":231,"column":4},"end":{"line":231,"column":67}}},"17":{"name":"reduceRingSizeOn","line":241,"loc":{"start":{"line":241,"column":4},"end":{"line":241,"column":65}}}},"statementMap":{"1":{"start":{"line":52,"column":8},"end":{"line":52,"column":43}},"2":{"start":{"line":53,"column":8},"end":{"line":53,"column":63}},"3":{"start":{"line":54,"column":8},"end":{"line":54,"column":63}},"4":{"start":{"line":56,"column":8},"end":{"line":56,"column":61}},"5":{"start":{"line":58,"column":8},"end":{"line":58,"column":88}},"6":{"start":{"line":59,"column":8},"end":{"line":59,"column":58}},"7":{"start":{"line":61,"column":8},"end":{"line":61,"column":37}},"8":{"start":{"line":62,"column":8},"end":{"line":62,"column":2538}},"9":{"start":{"line":63,"column":12},"end":{"line":63,"column":96}},"10":{"start":{"line":64,"column":12},"end":{"line":64,"column":91}},"11":{"start":{"line":65,"column":12},"end":{"line":65,"column":50}},"12":{"start":{"line":69,"column":8},"end":{"line":69,"column":51}},"13":{"start":{"line":71,"column":8},"end":{"line":71,"column":79}},"14":{"start":{"line":73,"column":8},"end":{"line":73,"column":70}},"15":{"start":{"line":74,"column":8},"end":{"line":74,"column":26}},"16":{"start":{"line":75,"column":8},"end":{"line":75,"column":3131}},"17":{"start":{"line":76,"column":12},"end":{"line":76,"column":46}},"18":{"start":{"line":77,"column":12},"end":{"line":77,"column":82}},"19":{"start":{"line":78,"column":12},"end":{"line":78,"column":66}},"20":{"start":{"line":79,"column":12},"end":{"line":79,"column":21}},"21":{"start":{"line":80,"column":12},"end":{"line":80,"column":3421}},"22":{"start":{"line":81,"column":16},"end":{"line":81,"column":42}},"23":{"start":{"line":85,"column":12},"end":{"line":85,"column":50}},"24":{"start":{"line":86,"column":12},"end":{"line":86,"column":25}},"25":{"start":{"line":91,"column":8},"end":{"line":91,"column":29}},"26":{"start":{"line":96,"column":8},"end":{"line":96,"column":26}},"27":{"start":{"line":100,"column":8},"end":{"line":100,"column":45}},"28":{"start":{"line":101,"column":8},"end":{"line":101,"column":88}},"29":{"start":{"line":105,"column":8},"end":{"line":105,"column":77}},"30":{"start":{"line":113,"column":8},"end":{"line":113,"column":45}},"31":{"start":{"line":114,"column":8},"end":{"line":114,"column":88}},"32":{"start":{"line":117,"column":8},"end":{"line":117,"column":57}},"33":{"start":{"line":119,"column":8},"end":{"line":119,"column":49}},"34":{"start":{"line":120,"column":8},"end":{"line":120,"column":47}},"35":{"start":{"line":121,"column":8},"end":{"line":121,"column":86}},"36":{"start":{"line":122,"column":8},"end":{"line":122,"column":4946}},"37":{"start":{"line":123,"column":12},"end":{"line":123,"column":37}},"38":{"start":{"line":126,"column":8},"end":{"line":126,"column":5050}},"39":{"start":{"line":127,"column":12},"end":{"line":127,"column":38}},"40":{"start":{"line":130,"column":8},"end":{"line":130,"column":32}},"41":{"start":{"line":134,"column":8},"end":{"line":134,"column":77}},"42":{"start":{"line":143,"column":8},"end":{"line":143,"column":45}},"43":{"start":{"line":144,"column":8},"end":{"line":144,"column":76}},"44":{"start":{"line":146,"column":8},"end":{"line":146,"column":43}},"45":{"start":{"line":148,"column":8},"end":{"line":148,"column":43}},"46":{"start":{"line":150,"column":8},"end":{"line":150,"column":60}},"47":{"start":{"line":151,"column":8},"end":{"line":151,"column":63}},"48":{"start":{"line":152,"column":8},"end":{"line":152,"column":47}},"49":{"start":{"line":155,"column":8},"end":{"line":155,"column":60}},"50":{"start":{"line":160,"column":8},"end":{"line":160,"column":77}},"51":{"start":{"line":161,"column":8},"end":{"line":161,"column":52}},"52":{"start":{"line":163,"column":8},"end":{"line":163,"column":69}},"53":{"start":{"line":165,"column":8},"end":{"line":165,"column":53}},"54":{"start":{"line":167,"column":8},"end":{"line":167,"column":61}},"55":{"start":{"line":171,"column":8},"end":{"line":171,"column":41}},"56":{"start":{"line":173,"column":8},"end":{"line":173,"column":77}},"57":{"start":{"line":174,"column":8},"end":{"line":174,"column":52}},"58":{"start":{"line":176,"column":8},"end":{"line":176,"column":69}},"59":{"start":{"line":178,"column":8},"end":{"line":178,"column":53}},"60":{"start":{"line":180,"column":8},"end":{"line":180,"column":7364}},"61":{"start":{"line":181,"column":12},"end":{"line":181,"column":34}},"62":{"start":{"line":184,"column":8},"end":{"line":184,"column":38}},"63":{"start":{"line":188,"column":8},"end":{"line":188,"column":70}},"64":{"start":{"line":190,"column":8},"end":{"line":190,"column":51}},"65":{"start":{"line":191,"column":8},"end":{"line":191,"column":53}},"66":{"start":{"line":195,"column":8},"end":{"line":195,"column":7838}},"67":{"start":{"line":196,"column":12},"end":{"line":196,"column":50}},"68":{"start":{"line":201,"column":8},"end":{"line":201,"column":39}},"69":{"start":{"line":205,"column":8},"end":{"line":205,"column":31}},"70":{"start":{"line":209,"column":8},"end":{"line":209,"column":27}},"71":{"start":{"line":213,"column":8},"end":{"line":213,"column":45}},"72":{"start":{"line":215,"column":8},"end":{"line":215,"column":36}},"73":{"start":{"line":219,"column":8},"end":{"line":219,"column":27}},"74":{"start":{"line":223,"column":8},"end":{"line":223,"column":39}},"75":{"start":{"line":232,"column":8},"end":{"line":232,"column":61}},"76":{"start":{"line":233,"column":8},"end":{"line":233,"column":43}},"77":{"start":{"line":242,"column":8},"end":{"line":242,"column":44}},"78":{"start":{"line":244,"column":8},"end":{"line":244,"column":61}},"79":{"start":{"line":245,"column":8},"end":{"line":245,"column":43}}},"branchMap":{"1":{"line":52,"type":"if","locations":[{"start":{"line":52,"column":8},"end":{"line":52,"column":8}},{"start":{"line":52,"column":8},"end":{"line":52,"column":8}}]},"2":{"line":53,"type":"if","locations":[{"start":{"line":53,"column":8},"end":{"line":53,"column":8}},{"start":{"line":53,"column":8},"end":{"line":53,"column":8}}]},"3":{"line":54,"type":"if","locations":[{"start":{"line":54,"column":8},"end":{"line":54,"column":8}},{"start":{"line":54,"column":8},"end":{"line":54,"column":8}}]},"4":{"line":58,"type":"if","locations":[{"start":{"line":58,"column":8},"end":{"line":58,"column":8}},{"start":{"line":58,"column":8},"end":{"line":58,"column":8}}]},"5":{"line":63,"type":"if","locations":[{"start":{"line":63,"column":12},"end":{"line":63,"column":12}},{"start":{"line":63,"column":12},"end":{"line":63,"column":12}}]},"6":{"line":69,"type":"if","locations":[{"start":{"line":69,"column":8},"end":{"line":69,"column":8}},{"start":{"line":69,"column":8},"end":{"line":69,"column":8}}]},"7":{"line":71,"type":"if","locations":[{"start":{"line":71,"column":8},"end":{"line":71,"column":8}},{"start":{"line":71,"column":8},"end":{"line":71,"column":8}}]},"8":{"line":91,"type":"if","locations":[{"start":{"line":91,"column":8},"end":{"line":91,"column":8}},{"start":{"line":91,"column":8},"end":{"line":91,"column":8}}]},"9":{"line":100,"type":"if","locations":[{"start":{"line":100,"column":8},"end":{"line":100,"column":8}},{"start":{"line":100,"column":8},"end":{"line":100,"column":8}}]},"10":{"line":101,"type":"if","locations":[{"start":{"line":101,"column":8},"end":{"line":101,"column":8}},{"start":{"line":101,"column":8},"end":{"line":101,"column":8}}]},"11":{"line":113,"type":"if","locations":[{"start":{"line":113,"column":8},"end":{"line":113,"column":8}},{"start":{"line":113,"column":8},"end":{"line":113,"column":8}}]},"12":{"line":114,"type":"if","locations":[{"start":{"line":114,"column":8},"end":{"line":114,"column":8}},{"start":{"line":114,"column":8},"end":{"line":114,"column":8}}]},"13":{"line":143,"type":"if","locations":[{"start":{"line":143,"column":8},"end":{"line":143,"column":8}},{"start":{"line":143,"column":8},"end":{"line":143,"column":8}}]},"14":{"line":144,"type":"if","locations":[{"start":{"line":144,"column":8},"end":{"line":144,"column":8}},{"start":{"line":144,"column":8},"end":{"line":144,"column":8}}]},"15":{"line":160,"type":"if","locations":[{"start":{"line":160,"column":8},"end":{"line":160,"column":8}},{"start":{"line":160,"column":8},"end":{"line":160,"column":8}}]},"16":{"line":161,"type":"if","locations":[{"start":{"line":161,"column":8},"end":{"line":161,"column":8}},{"start":{"line":161,"column":8},"end":{"line":161,"column":8}}]},"17":{"line":171,"type":"if","locations":[{"start":{"line":171,"column":8},"end":{"line":171,"column":8}},{"start":{"line":171,"column":8},"end":{"line":171,"column":8}}]},"18":{"line":173,"type":"if","locations":[{"start":{"line":173,"column":8},"end":{"line":173,"column":8}},{"start":{"line":173,"column":8},"end":{"line":173,"column":8}}]},"19":{"line":174,"type":"if","locations":[{"start":{"line":174,"column":8},"end":{"line":174,"column":8}},{"start":{"line":174,"column":8},"end":{"line":174,"column":8}}]},"20":{"line":188,"type":"if","locations":[{"start":{"line":188,"column":8},"end":{"line":188,"column":8}},{"start":{"line":188,"column":8},"end":{"line":188,"column":8}}]},"21":{"line":213,"type":"if","locations":[{"start":{"line":213,"column":8},"end":{"line":213,"column":8}},{"start":{"line":213,"column":8},"end":{"line":213,"column":8}}]},"22":{"line":242,"type":"if","locations":[{"start":{"line":242,"column":8},"end":{"line":242,"column":8}},{"start":{"line":242,"column":8},"end":{"line":242,"column":8}}]}}},"contracts/LightPolygon.sol":{"l":{"49":46,"50":44,"51":42,"52":40,"54":40,"55":38,"57":38,"58":38,"59":76,"60":74,"61":74,"62":74,"65":36,"67":34,"69":28,"70":28,"71":28,"72":56,"73":56,"74":56,"75":56,"76":440,"79":56,"84":50,"85":38,"89":1,"93":5,"94":3,"96":1,"97":1,"99":1,"107":7,"108":5,"110":1,"112":1,"113":1,"115":1,"123":5,"125":3,"127":1,"129":1,"131":1,"132":1,"135":1,"140":5,"141":3,"143":1,"144":1,"145":1,"147":1,"151":9,"153":7,"154":5,"156":3,"157":3,"158":3,"160":3,"161":6,"162":6,"165":3,"169":3,"171":1,"172":1,"174":1,"176":1,"177":1,"182":12,"186":2,"190":2,"194":12,"196":11,"200":6,"204":5,"213":2,"214":2,"223":1,"225":1,"226":1},"path":"/Users/msavchuk/vareger/platin/solidityGEO/contracts/LightPolygon.sol","s":{"1":46,"2":44,"3":42,"4":40,"5":40,"6":38,"7":38,"8":38,"9":76,"10":74,"11":74,"12":36,"13":34,"14":28,"15":28,"16":28,"17":56,"18":56,"19":56,"20":56,"21":56,"22":50,"23":1,"24":5,"25":3,"26":1,"27":1,"28":7,"29":5,"30":1,"31":1,"32":1,"33":5,"34":3,"35":1,"36":1,"37":1,"38":1,"39":5,"40":3,"41":1,"42":1,"43":1,"44":9,"45":7,"46":5,"47":3,"48":3,"49":3,"50":6,"51":6,"52":3,"53":3,"54":1,"55":1,"56":1,"57":1,"58":12,"59":2,"60":2,"61":12,"62":11,"63":6,"64":5,"65":2,"66":2,"67":1,"68":1,"69":1},"b":{"1":[44,2],"2":[42,2],"3":[40,2],"4":[38,2],"5":[74,2],"6":[34,2],"7":[28,6],"8":[38,12],"9":[3,2],"10":[1,2],"11":[5,2],"12":[1,4],"13":[3,2],"14":[1,2],"15":[3,2],"16":[1,2],"17":[7,2],"18":[5,2],"19":[3,2],"20":[1,2],"21":[11,1],"22":[1,0]},"f":{"1":46,"2":50,"3":1,"4":5,"5":7,"6":5,"7":5,"8":9,"9":3,"10":12,"11":2,"12":2,"13":12,"14":6,"15":5,"16":2,"17":1},"fnMap":{"1":{"name":null,"line":48,"loc":{"start":{"line":48,"column":4},"end":{"line":48,"column":35}}},"2":{"name":"onlyIfMutable","line":83,"loc":{"start":{"line":83,"column":4},"end":{"line":83,"column":26}}},"3":{"name":"makeImmutable","line":88,"loc":{"start":{"line":88,"column":4},"end":{"line":88,"column":51}}},"4":{"name":"addPoints","line":92,"loc":{"start":{"line":92,"column":4},"end":{"line":92,"column":92}}},"5":{"name":"addPoints","line":102,"loc":{"start":{"line":102,"column":4},"end":{"line":106,"column":5}}},"6":{"name":"removePoints","line":118,"loc":{"start":{"line":118,"column":4},"end":{"line":122,"column":5}}},"7":{"name":"addRing","line":138,"loc":{"start":{"line":138,"column":4},"end":{"line":138,"column":73}}},"8":{"name":"addRing","line":150,"loc":{"start":{"line":150,"column":4},"end":{"line":150,"column":86}}},"9":{"name":"removeRing","line":168,"loc":{"start":{"line":168,"column":4},"end":{"line":168,"column":70}}},"10":{"name":"getPointsByRing","line":181,"loc":{"start":{"line":181,"column":4},"end":{"line":181,"column":80}}},"11":{"name":"getPoints","line":185,"loc":{"start":{"line":185,"column":4},"end":{"line":185,"column":59}}},"12":{"name":"isImmutable","line":189,"loc":{"start":{"line":189,"column":4},"end":{"line":189,"column":51}}},"13":{"name":"getPointsAmountByRing","line":193,"loc":{"start":{"line":193,"column":4},"end":{"line":193,"column":77}}},"14":{"name":"getPointsAmount","line":199,"loc":{"start":{"line":199,"column":4},"end":{"line":199,"column":56}}},"15":{"name":"getRingsAmount","line":203,"loc":{"start":{"line":203,"column":4},"end":{"line":203,"column":55}}},"16":{"name":"increaseRingSizeOn","line":212,"loc":{"start":{"line":212,"column":4},"end":{"line":212,"column":67}}},"17":{"name":"reduceRingSizeOn","line":222,"loc":{"start":{"line":222,"column":4},"end":{"line":222,"column":65}}}},"statementMap":{"1":{"start":{"line":49,"column":8},"end":{"line":49,"column":43}},"2":{"start":{"line":50,"column":8},"end":{"line":50,"column":63}},"3":{"start":{"line":51,"column":8},"end":{"line":51,"column":63}},"4":{"start":{"line":52,"column":8},"end":{"line":52,"column":61}},"5":{"start":{"line":54,"column":8},"end":{"line":54,"column":88}},"6":{"start":{"line":55,"column":8},"end":{"line":55,"column":58}},"7":{"start":{"line":57,"column":8},"end":{"line":57,"column":37}},"8":{"start":{"line":58,"column":8},"end":{"line":58,"column":2444}},"9":{"start":{"line":59,"column":12},"end":{"line":59,"column":96}},"10":{"start":{"line":60,"column":12},"end":{"line":60,"column":91}},"11":{"start":{"line":61,"column":12},"end":{"line":61,"column":50}},"12":{"start":{"line":65,"column":8},"end":{"line":65,"column":51}},"13":{"start":{"line":67,"column":8},"end":{"line":67,"column":79}},"14":{"start":{"line":69,"column":8},"end":{"line":69,"column":70}},"15":{"start":{"line":70,"column":8},"end":{"line":70,"column":26}},"16":{"start":{"line":71,"column":8},"end":{"line":71,"column":3037}},"17":{"start":{"line":72,"column":12},"end":{"line":72,"column":46}},"18":{"start":{"line":73,"column":12},"end":{"line":73,"column":56}},"19":{"start":{"line":74,"column":12},"end":{"line":74,"column":66}},"20":{"start":{"line":75,"column":12},"end":{"line":75,"column":3277}},"21":{"start":{"line":79,"column":12},"end":{"line":79,"column":25}},"22":{"start":{"line":84,"column":8},"end":{"line":84,"column":29}},"23":{"start":{"line":89,"column":8},"end":{"line":89,"column":26}},"24":{"start":{"line":93,"column":8},"end":{"line":93,"column":45}},"25":{"start":{"line":94,"column":8},"end":{"line":94,"column":88}},"26":{"start":{"line":96,"column":8},"end":{"line":96,"column":53}},"27":{"start":{"line":99,"column":8},"end":{"line":99,"column":77}},"28":{"start":{"line":107,"column":8},"end":{"line":107,"column":45}},"29":{"start":{"line":108,"column":8},"end":{"line":108,"column":88}},"30":{"start":{"line":110,"column":8},"end":{"line":110,"column":47}},"31":{"start":{"line":112,"column":8},"end":{"line":112,"column":53}},"32":{"start":{"line":115,"column":8},"end":{"line":115,"column":77}},"33":{"start":{"line":123,"column":8},"end":{"line":123,"column":45}},"34":{"start":{"line":125,"column":8},"end":{"line":125,"column":76}},"35":{"start":{"line":127,"column":8},"end":{"line":127,"column":43}},"36":{"start":{"line":129,"column":8},"end":{"line":129,"column":43}},"37":{"start":{"line":131,"column":8},"end":{"line":131,"column":53}},"38":{"start":{"line":135,"column":8},"end":{"line":135,"column":60}},"39":{"start":{"line":140,"column":8},"end":{"line":140,"column":77}},"40":{"start":{"line":141,"column":8},"end":{"line":141,"column":52}},"41":{"start":{"line":143,"column":8},"end":{"line":143,"column":69}},"42":{"start":{"line":145,"column":8},"end":{"line":145,"column":53}},"43":{"start":{"line":147,"column":8},"end":{"line":147,"column":51}},"44":{"start":{"line":151,"column":8},"end":{"line":151,"column":41}},"45":{"start":{"line":153,"column":8},"end":{"line":153,"column":77}},"46":{"start":{"line":154,"column":8},"end":{"line":154,"column":52}},"47":{"start":{"line":156,"column":8},"end":{"line":156,"column":69}},"48":{"start":{"line":158,"column":8},"end":{"line":158,"column":53}},"49":{"start":{"line":160,"column":8},"end":{"line":160,"column":6655}},"50":{"start":{"line":161,"column":12},"end":{"line":161,"column":49}},"51":{"start":{"line":162,"column":12},"end":{"line":162,"column":29}},"52":{"start":{"line":165,"column":8},"end":{"line":165,"column":28}},"53":{"start":{"line":169,"column":8},"end":{"line":169,"column":70}},"54":{"start":{"line":171,"column":8},"end":{"line":171,"column":51}},"55":{"start":{"line":172,"column":8},"end":{"line":172,"column":53}},"56":{"start":{"line":176,"column":8},"end":{"line":176,"column":7166}},"57":{"start":{"line":177,"column":12},"end":{"line":177,"column":50}},"58":{"start":{"line":182,"column":8},"end":{"line":182,"column":31}},"59":{"start":{"line":186,"column":8},"end":{"line":186,"column":23}},"60":{"start":{"line":190,"column":8},"end":{"line":190,"column":27}},"61":{"start":{"line":194,"column":8},"end":{"line":194,"column":45}},"62":{"start":{"line":196,"column":8},"end":{"line":196,"column":36}},"63":{"start":{"line":200,"column":8},"end":{"line":200,"column":27}},"64":{"start":{"line":204,"column":8},"end":{"line":204,"column":39}},"65":{"start":{"line":213,"column":8},"end":{"line":213,"column":61}},"66":{"start":{"line":214,"column":8},"end":{"line":214,"column":43}},"67":{"start":{"line":223,"column":8},"end":{"line":223,"column":44}},"68":{"start":{"line":225,"column":8},"end":{"line":225,"column":61}},"69":{"start":{"line":226,"column":8},"end":{"line":226,"column":43}}},"branchMap":{"1":{"line":49,"type":"if","locations":[{"start":{"line":49,"column":8},"end":{"line":49,"column":8}},{"start":{"line":49,"column":8},"end":{"line":49,"column":8}}]},"2":{"line":50,"type":"if","locations":[{"start":{"line":50,"column":8},"end":{"line":50,"column":8}},{"start":{"line":50,"column":8},"end":{"line":50,"column":8}}]},"3":{"line":51,"type":"if","locations":[{"start":{"line":51,"column":8},"end":{"line":51,"column":8}},{"start":{"line":51,"column":8},"end":{"line":51,"column":8}}]},"4":{"line":54,"type":"if","locations":[{"start":{"line":54,"column":8},"end":{"line":54,"column":8}},{"start":{"line":54,"column":8},"end":{"line":54,"column":8}}]},"5":{"line":59,"type":"if","locations":[{"start":{"line":59,"column":12},"end":{"line":59,"column":12}},{"start":{"line":59,"column":12},"end":{"line":59,"column":12}}]},"6":{"line":65,"type":"if","locations":[{"start":{"line":65,"column":8},"end":{"line":65,"column":8}},{"start":{"line":65,"column":8},"end":{"line":65,"column":8}}]},"7":{"line":67,"type":"if","locations":[{"start":{"line":67,"column":8},"end":{"line":67,"column":8}},{"start":{"line":67,"column":8},"end":{"line":67,"column":8}}]},"8":{"line":84,"type":"if","locations":[{"start":{"line":84,"column":8},"end":{"line":84,"column":8}},{"start":{"line":84,"column":8},"end":{"line":84,"column":8}}]},"9":{"line":93,"type":"if","locations":[{"start":{"line":93,"column":8},"end":{"line":93,"column":8}},{"start":{"line":93,"column":8},"end":{"line":93,"column":8}}]},"10":{"line":94,"type":"if","locations":[{"start":{"line":94,"column":8},"end":{"line":94,"column":8}},{"start":{"line":94,"column":8},"end":{"line":94,"column":8}}]},"11":{"line":107,"type":"if","locations":[{"start":{"line":107,"column":8},"end":{"line":107,"column":8}},{"start":{"line":107,"column":8},"end":{"line":107,"column":8}}]},"12":{"line":108,"type":"if","locations":[{"start":{"line":108,"column":8},"end":{"line":108,"column":8}},{"start":{"line":108,"column":8},"end":{"line":108,"column":8}}]},"13":{"line":123,"type":"if","locations":[{"start":{"line":123,"column":8},"end":{"line":123,"column":8}},{"start":{"line":123,"column":8},"end":{"line":123,"column":8}}]},"14":{"line":125,"type":"if","locations":[{"start":{"line":125,"column":8},"end":{"line":125,"column":8}},{"start":{"line":125,"column":8},"end":{"line":125,"column":8}}]},"15":{"line":140,"type":"if","locations":[{"start":{"line":140,"column":8},"end":{"line":140,"column":8}},{"start":{"line":140,"column":8},"end":{"line":140,"column":8}}]},"16":{"line":141,"type":"if","locations":[{"start":{"line":141,"column":8},"end":{"line":141,"column":8}},{"start":{"line":141,"column":8},"end":{"line":141,"column":8}}]},"17":{"line":151,"type":"if","locations":[{"start":{"line":151,"column":8},"end":{"line":151,"column":8}},{"start":{"line":151,"column":8},"end":{"line":151,"column":8}}]},"18":{"line":153,"type":"if","locations":[{"start":{"line":153,"column":8},"end":{"line":153,"column":8}},{"start":{"line":153,"column":8},"end":{"line":153,"column":8}}]},"19":{"line":154,"type":"if","locations":[{"start":{"line":154,"column":8},"end":{"line":154,"column":8}},{"start":{"line":154,"column":8},"end":{"line":154,"column":8}}]},"20":{"line":169,"type":"if","locations":[{"start":{"line":169,"column":8},"end":{"line":169,"column":8}},{"start":{"line":169,"column":8},"end":{"line":169,"column":8}}]},"21":{"line":194,"type":"if","locations":[{"start":{"line":194,"column":8},"end":{"line":194,"column":8}},{"start":{"line":194,"column":8},"end":{"line":194,"column":8}}]},"22":{"line":223,"type":"if","locations":[{"start":{"line":223,"column":8},"end":{"line":223,"column":8}},{"start":{"line":223,"column":8},"end":{"line":223,"column":8}}]}}},"contracts/MultipleOracled.sol":{"l":{"9":92,"10":92,"14":14,"15":10,"19":76,"20":68,"24":4,"25":4,"26":4,"30":2,"31":2,"35":2,"36":2},"path":"/Users/msavchuk/vareger/platin/solidityGEO/contracts/MultipleOracled.sol","s":{"1":92,"2":92,"3":14,"4":76,"5":4,"6":4,"7":4,"8":2,"9":2,"10":2},"b":{"1":[10,4],"2":[68,8]},"f":{"1":92,"2":14,"3":76,"4":4,"5":2,"6":2},"fnMap":{"1":{"name":null,"line":8,"loc":{"start":{"line":8,"column":4},"end":{"line":8,"column":22}}},"2":{"name":"onlyContractOwner","line":13,"loc":{"start":{"line":13,"column":4},"end":{"line":13,"column":30}}},"3":{"name":"onlyOracle","line":18,"loc":{"start":{"line":18,"column":4},"end":{"line":18,"column":23}}},"4":{"name":"changeContractOwner","line":23,"loc":{"start":{"line":23,"column":4},"end":{"line":23,"column":83}}},"5":{"name":"addOracledAddress","line":29,"loc":{"start":{"line":29,"column":4},"end":{"line":29,"column":86}}},"6":{"name":"deleteOracledAddress","line":34,"loc":{"start":{"line":34,"column":4},"end":{"line":34,"column":89}}}},"statementMap":{"1":{"start":{"line":9,"column":8},"end":{"line":9,"column":33}},"2":{"start":{"line":10,"column":8},"end":{"line":10,"column":47}},"3":{"start":{"line":14,"column":8},"end":{"line":14,"column":43}},"4":{"start":{"line":19,"column":8},"end":{"line":19,"column":50}},"5":{"start":{"line":24,"column":8},"end":{"line":24,"column":33}},"6":{"start":{"line":25,"column":8},"end":{"line":25,"column":26}},"7":{"start":{"line":26,"column":8},"end":{"line":26,"column":19}},"8":{"start":{"line":30,"column":8},"end":{"line":30,"column":43}},"9":{"start":{"line":31,"column":8},"end":{"line":31,"column":19}},"10":{"start":{"line":36,"column":8},"end":{"line":36,"column":19}}},"branchMap":{"1":{"line":14,"type":"if","locations":[{"start":{"line":14,"column":8},"end":{"line":14,"column":8}},{"start":{"line":14,"column":8},"end":{"line":14,"column":8}}]},"2":{"line":19,"type":"if","locations":[{"start":{"line":19,"column":8},"end":{"line":19,"column":8}},{"start":{"line":19,"column":8},"end":{"line":19,"column":8}}]}}},"contracts/Polygon.sol":{"l":{},"path":"/Users/msavchuk/vareger/platin/solidityGEO/contracts/Polygon.sol","s":{},"b":{},"f":{},"fnMap":{},"statementMap":{},"branchMap":{}}}